<?xml version="1.0" encoding="UTF-8" ?>
<testsuite tests="6" failures="0" name="TestClass" time="54.894" errors="0" skipped="0">
  <properties>
[...]
</properties>
  <testcase classname="TestClass" name="test1" time="6.414"/>
  <testcase classname="TestClass" name="test2" time="5.386"/>
  <testcase classname="TestClass" name="test3" time="5.237"/>
  <testcase classname="TestClass" name="test4" time="16.279"/>
  <testcase classname="TestClass" name="test5" time="17.25"/>
  <testcase classname="TestClass" name="test6" time="4.328"/>
</testsuite>